<?xml version="1.0" encoding="UTF-8"?>
<testsuites name="first suite" time="26.043" tests="3" failures="0" errors="0">
   <testsuite name="first suite" tests="3" failures="0" errors="0" time="26.043" skipped="0" timestamp="2023-07-17 22:54:21" hostname="kamit - DellG3" id="Test Suites/first suite">
      <properties>
         <property name="deviceName" value=""/>
         <property name="devicePlatform" value=""/>
         <property name="logFolder" value="C:\\Users\\kamit\\git\\gitIntegrationKatalon\\Reports\\20230717_225417\\first suite\\20230717_225417"/>
         <property name="logFiles" value="C:\\Users\\kamit\\git\\gitIntegrationKatalon\\Reports\\20230717_225417\\first suite\\20230717_225417\\execution0.log"/>
         <property name="attachments" value=""/>
         <property name="hostName" value="kamit - DellG3"/>
         <property name="os" value="Windows 11 64bit"/>
         <property name="katalonVersion" value="8.6.5.208"/>
         <property name="browser" value="Chrome 114.0.0.0"/>
         <property name="hostAddress" value="172.16.0.2"/>
         <property name="sessionId" value="0ef558cd7a1636e1acfa49601cbc1def"/>
         <property name="seleniumVersion" value="3.141.59"/>
         <property name="proxyInformation" value="ProxyInformation { proxyOption=NO_PROXY, proxyServerType=HTTP, username=, password=********, proxyServerAddress=, proxyServerPort=0, executionList=&quot;&quot;, isApplyToDesiredCapabilities=true }"/>
         <property name="platform" value="Windows 11"/>
      </properties>
      <testcase name="Test Cases/test2" time="9.347" classname="Test Cases/test2" status="PASSED">
         <system-out><![CDATA[2023-07-17 22:54:22 - [TEST_CASE][PASSED] - Test Cases/test2: Test Cases/test2

2023-07-17 22:54:22 - [TEST_STEP][PASSED] - openBrowser(""): Browser is opened with url: ''

2023-07-17 22:54:22 - [MESSAGE][INFO] - Starting 'Chrome' driver

2023-07-17 22:54:22 - [MESSAGE][INFO] - Action delay is set to 0 milliseconds

2023-07-17 22:54:25 - [MESSAGE][PASSED] - Browser is opened with url: ''

2023-07-17 22:54:25 - [TEST_STEP][PASSED] - navigateToUrl("https://commitquality.com/"): Navigate to 'https://commitquality.com/' successfully

2023-07-17 22:54:27 - [MESSAGE][PASSED] - Navigate to 'https://commitquality.com/' successfully

2023-07-17 22:54:27 - [TEST_STEP][PASSED] - click(findTestObject("Object Repository/Page_CommitQuality - Test Automation Demo/a_Practice")): Object: 'Object Repository/Page_CommitQuality - Test Automation Demo/a_Practice' is clicked on

2023-07-17 22:54:28 - [MESSAGE][PASSED] - Object: 'Object Repository/Page_CommitQuality - Test Automation Demo/a_Practice' is clicked on

2023-07-17 22:54:28 - [TEST_STEP][PASSED] - click(findTestObject("Object Repository/Page_CommitQuality - Test Automation Demo/h2_Accordions")): Object: 'Object Repository/Page_CommitQuality - Test Automation Demo/h2_Accordions' is clicked on

2023-07-17 22:54:28 - [MESSAGE][PASSED] - Object: 'Object Repository/Page_CommitQuality - Test Automation Demo/h2_Accordions' is clicked on

2023-07-17 22:54:28 - [TEST_STEP][PASSED] - click(findTestObject("Object Repository/Page_CommitQuality - Test Automation Demo/button_Accordion 1")): Object: 'Object Repository/Page_CommitQuality - Test Automation Demo/button_Accordion 1' is clicked on

2023-07-17 22:54:29 - [MESSAGE][PASSED] - Object: 'Object Repository/Page_CommitQuality - Test Automation Demo/button_Accordion 1' is clicked on

2023-07-17 22:54:29 - [TEST_STEP][PASSED] - click(findTestObject("Object Repository/Page_CommitQuality - Test Automation Demo/button_Click me")): Object: 'Object Repository/Page_CommitQuality - Test Automation Demo/button_Click me' is clicked on

2023-07-17 22:54:30 - [MESSAGE][PASSED] - Object: 'Object Repository/Page_CommitQuality - Test Automation Demo/button_Click me' is clicked on

2023-07-17 22:54:30 - [TEST_STEP][PASSED] - verifyElementPresent(findTestObject("Object Repository/Page_CommitQuality - Test Automation Demo/p_Button clicked"), 0): Object 'Object Repository/Page_CommitQuality - Test Automation Demo/p_Button clicked' is present

2023-07-17 22:54:30 - [MESSAGE][WARNING] - Timeout '0' is invalid. Using default page load timeout: '30'

2023-07-17 22:54:30 - [MESSAGE][PASSED] - Object 'Object Repository/Page_CommitQuality - Test Automation Demo/p_Button clicked' is present

2023-07-17 22:54:30 - [TEST_STEP][PASSED] - closeBrowser(): Browser is closed

2023-07-17 22:54:31 - [MESSAGE][PASSED] - Browser is closed]]></system-out>
         <system-err><![CDATA[]]></system-err>
      </testcase>
      <testcase name="Test Cases/test1" time="9.815" classname="Test Cases/test1" status="PASSED">
         <system-out><![CDATA[2023-07-17 22:54:31 - [TEST_CASE][PASSED] - Test Cases/test1: Test Cases/test1

2023-07-17 22:54:31 - [TEST_STEP][PASSED] - openBrowser(""): Browser is opened with url: ''

2023-07-17 22:54:31 - [MESSAGE][INFO] - Starting 'Chrome' driver

2023-07-17 22:54:31 - [MESSAGE][INFO] - Action delay is set to 0 milliseconds

2023-07-17 22:54:33 - [MESSAGE][PASSED] - Browser is opened with url: ''

2023-07-17 22:54:33 - [TEST_STEP][PASSED] - navigateToUrl("https://katalon-demo-cura.herokuapp.com/"): Navigate to 'https://katalon-demo-cura.herokuapp.com/' successfully

2023-07-17 22:54:36 - [MESSAGE][PASSED] - Navigate to 'https://katalon-demo-cura.herokuapp.com/' successfully

2023-07-17 22:54:36 - [TEST_STEP][PASSED] - click(findTestObject("Object Repository/Page_CURA Healthcare Service/a_Make Appointment")): Object: 'Object Repository/Page_CURA Healthcare Service/a_Make Appointment' is clicked on

2023-07-17 22:54:39 - [MESSAGE][PASSED] - Object: 'Object Repository/Page_CURA Healthcare Service/a_Make Appointment' is clicked on

2023-07-17 22:54:39 - [TEST_STEP][PASSED] - rightClick(findTestObject("Object Repository/Page_CURA Healthcare Service/p_Please login to make appointment")): Object: 'Object Repository/Page_CURA Healthcare Service/p_Please login to make appointment' is right clicked on

2023-07-17 22:54:40 - [MESSAGE][PASSED] - Object: 'Object Repository/Page_CURA Healthcare Service/p_Please login to make appointment' is right clicked on

2023-07-17 22:54:40 - [TEST_STEP][PASSED] - verifyElementPresent(findTestObject("Object Repository/Page_CURA Healthcare Service/p_Please login to make appointment"), 0): Object 'Object Repository/Page_CURA Healthcare Service/p_Please login to make appointment' is present

2023-07-17 22:54:40 - [MESSAGE][WARNING] - Timeout '0' is invalid. Using default page load timeout: '30'

2023-07-17 22:54:40 - [MESSAGE][PASSED] - Object 'Object Repository/Page_CURA Healthcare Service/p_Please login to make appointment' is present

2023-07-17 22:54:40 - [TEST_STEP][PASSED] - closeBrowser(): Browser is closed

2023-07-17 22:54:41 - [MESSAGE][PASSED] - Browser is closed]]></system-out>
         <system-err><![CDATA[]]></system-err>
      </testcase>
      <testcase name="Test Cases/test2" time="6.577" classname="Test Cases/test2" status="PASSED">
         <system-out><![CDATA[2023-07-17 22:54:41 - [TEST_CASE][PASSED] - Test Cases/test2: Test Cases/test2

2023-07-17 22:54:41 - [TEST_STEP][PASSED] - openBrowser(""): Browser is opened with url: ''

2023-07-17 22:54:41 - [MESSAGE][INFO] - Starting 'Chrome' driver

2023-07-17 22:54:41 - [MESSAGE][INFO] - Action delay is set to 0 milliseconds

2023-07-17 22:54:42 - [MESSAGE][PASSED] - Browser is opened with url: ''

2023-07-17 22:54:42 - [TEST_STEP][PASSED] - navigateToUrl("https://commitquality.com/"): Navigate to 'https://commitquality.com/' successfully

2023-07-17 22:54:44 - [MESSAGE][PASSED] - Navigate to 'https://commitquality.com/' successfully

2023-07-17 22:54:44 - [TEST_STEP][PASSED] - click(findTestObject("Object Repository/Page_CommitQuality - Test Automation Demo/a_Practice")): Object: 'Object Repository/Page_CommitQuality - Test Automation Demo/a_Practice' is clicked on

2023-07-17 22:54:45 - [MESSAGE][PASSED] - Object: 'Object Repository/Page_CommitQuality - Test Automation Demo/a_Practice' is clicked on

2023-07-17 22:54:45 - [TEST_STEP][PASSED] - click(findTestObject("Object Repository/Page_CommitQuality - Test Automation Demo/h2_Accordions")): Object: 'Object Repository/Page_CommitQuality - Test Automation Demo/h2_Accordions' is clicked on

2023-07-17 22:54:45 - [MESSAGE][PASSED] - Object: 'Object Repository/Page_CommitQuality - Test Automation Demo/h2_Accordions' is clicked on

2023-07-17 22:54:45 - [TEST_STEP][PASSED] - click(findTestObject("Object Repository/Page_CommitQuality - Test Automation Demo/button_Accordion 1")): Object: 'Object Repository/Page_CommitQuality - Test Automation Demo/button_Accordion 1' is clicked on

2023-07-17 22:54:46 - [MESSAGE][PASSED] - Object: 'Object Repository/Page_CommitQuality - Test Automation Demo/button_Accordion 1' is clicked on

2023-07-17 22:54:46 - [TEST_STEP][PASSED] - click(findTestObject("Object Repository/Page_CommitQuality - Test Automation Demo/button_Click me")): Object: 'Object Repository/Page_CommitQuality - Test Automation Demo/button_Click me' is clicked on

2023-07-17 22:54:46 - [MESSAGE][PASSED] - Object: 'Object Repository/Page_CommitQuality - Test Automation Demo/button_Click me' is clicked on

2023-07-17 22:54:46 - [TEST_STEP][PASSED] - verifyElementPresent(findTestObject("Object Repository/Page_CommitQuality - Test Automation Demo/p_Button clicked"), 0): Object 'Object Repository/Page_CommitQuality - Test Automation Demo/p_Button clicked' is present

2023-07-17 22:54:46 - [MESSAGE][WARNING] - Timeout '0' is invalid. Using default page load timeout: '30'

2023-07-17 22:54:47 - [MESSAGE][PASSED] - Object 'Object Repository/Page_CommitQuality - Test Automation Demo/p_Button clicked' is present

2023-07-17 22:54:47 - [TEST_STEP][PASSED] - closeBrowser(): Browser is closed

2023-07-17 22:54:47 - [MESSAGE][PASSED] - Browser is closed]]></system-out>
         <system-err><![CDATA[]]></system-err>
      </testcase>
      <system-out><![CDATA[2023-07-17 22:54:21 - [TEST_SUITE][PASSED] - first suite: Test Cases/test2]]></system-out>
      <system-err><![CDATA[]]></system-err>
   </testsuite>
</testsuites>
